Created by PLY version 3.11 (http://www.dabeaz.com/ply)

Grammar

Rule 0     S' -> statement
Rule 1     statement -> VAR IDENTIFIER EQUALS NUMBER SEMICOLON

Terminals, with rules where they appear

EQUALS               : 1
IDENTIFIER           : 1
NUMBER               : 1
SEMICOLON            : 1
VAR                  : 1
error                : 

Nonterminals, with rules where they appear

statement            : 0

Parsing method: LALR

state 0

    (0) S' -> . statement
    (1) statement -> . VAR IDENTIFIER EQUALS NUMBER SEMICOLON

    VAR             shift and go to state 2

    statement                      shift and go to state 1

state 1

    (0) S' -> statement .



state 2

    (1) statement -> VAR . IDENTIFIER EQUALS NUMBER SEMICOLON

    IDENTIFIER      shift and go to state 3


state 3

    (1) statement -> VAR IDENTIFIER . EQUALS NUMBER SEMICOLON

    EQUALS          shift and go to state 4


state 4

    (1) statement -> VAR IDENTIFIER EQUALS . NUMBER SEMICOLON

    NUMBER          shift and go to state 5


state 5

    (1) statement -> VAR IDENTIFIER EQUALS NUMBER . SEMICOLON

    SEMICOLON       shift and go to state 6


state 6

    (1) statement -> VAR IDENTIFIER EQUALS NUMBER SEMICOLON .

    $end            reduce using rule 1 (statement -> VAR IDENTIFIER EQUALS NUMBER SEMICOLON .)

